Timing is on.
=== Q1 (SELECT): Top 5 campaigns by total revenue ===
 campaign_id |                 name                 | total_revenue  
-------------+--------------------------------------+----------------
          17 | Summer in Spain – Barcelona & Madrid | 29362803276.05
          13 | Dubai Luxury Shopping Festival       | 29170142417.90
          14 | Northern Lights Iceland Adventure    | 27797449582.90
           5 | Family Fun in Eilat                  | 26878480432.71
           6 | Romantic Paris Getaway               | 26418203565.43
(5 rows)

Time: 262.239 ms
=== Q1 via function: Top-N campaigns by total revenue ===
 campaign_id |                 name                 | total_revenue  
-------------+--------------------------------------+----------------
          17 | Summer in Spain – Barcelona & Madrid | 29362803276.05
          13 | Dubai Luxury Shopping Festival       | 29170142417.90
          14 | Northern Lights Iceland Adventure    | 27797449582.90
           5 | Family Fun in Eilat                  | 26878480432.71
           6 | Romantic Paris Getaway               | 26418203565.43
(5 rows)

Time: 70.699 ms
------------------
=== Q2 (SELECT): Impressions, clicks, simple CTR by channel (Click Through Rate : a basic advertising metric that measures how often people who see an ad actually click on it.)===
 channel_id | channel_name  | impressions |  clicks   | ctr_percent 
------------+---------------+-------------+-----------+-------------
          8 | Email         | 18636233401 | 475377525 |        2.55
          2 | Website       | 18573034350 | 474897275 |        2.56
          7 | YouTube       |  2192787012 |  56134402 |        2.56
          5 | TikTok        |  1965879686 |  50400139 |        2.56
          1 | Newspaper     |  1965504129 |  50077057 |        2.55
          9 | Radio         |  1921795142 |  49320850 |        2.57
          3 | Instagram     |   812550322 |  20961738 |        2.58
          4 | Instagram     |   757295668 |  19549738 |        2.58
          6 | Google Search |   645790041 |  17097441 |        2.65
(9 rows)

Time: 29.936 ms
------------------
=== Q3 (SELECT): Vendor revenue totals (highest to lowest) ===
 vendor_id |        vendor_name        |    revenue     
-----------+---------------------------+----------------
         7 | TripAd Marketing          | 25956354394.60
        22 | Emirates Ads              | 22510676282.65
        19 | Ryanair Media             | 22256671810.63
        20 | Wizz Air Promotions       | 21631746654.06
        18 | EasyJet Ads               | 21341275090.05
        16 | El Al Airlines Media      | 20296006104.84
        10 | Expedia Partner Media     | 20132555188.32
        13 | Kayak Media               | 20100439073.60
         1 | Haaretz Newspaper         | 19795867146.68
         5 | TikTok Marketing          | 18954839051.89
        14 | TripAdvisor Ads           | 18487258098.74
        23 | Turkish Airlines Media    | 18360482439.65
         9 | Israel Radio Network      | 18096022786.64
        15 | Orbitz Marketing          | 17854780011.76
        25 | United Airlines Marketing | 17257735422.66
        24 | Delta Airlines Ads        | 16966502035.64
         8 | YouTube Ads               | 16365734178.48
         6 | Yedioth Ahronoth          | 16338481688.18
         2 | The Jerusalem Times       | 16118799892.59
        11 | Booking.com Ads           | 15971611858.14
         4 | Google Ads                | 15828383221.01
        12 | Skyscanner Promotions     | 15527463688.74
         3 | Meta Ads (Facebook)       | 14810880199.51
        21 | Etihad Airways Media      | 14134164676.45
        17 | Arkia Marketing           | 12400440945.75
(25 rows)

Time: 28.225 ms
=== Q3 via function: Vendor revenue totals (highest to lowest) ===
 vendor_id |        vendor_name        |    revenue     
-----------+---------------------------+----------------
         7 | TripAd Marketing          | 25956354394.60
        22 | Emirates Ads              | 22510676282.65
        19 | Ryanair Media             | 22256671810.63
        20 | Wizz Air Promotions       | 21631746654.06
        18 | EasyJet Ads               | 21341275090.05
        16 | El Al Airlines Media      | 20296006104.84
        10 | Expedia Partner Media     | 20132555188.32
        13 | Kayak Media               | 20100439073.60
         1 | Haaretz Newspaper         | 19795867146.68
         5 | TikTok Marketing          | 18954839051.89
        14 | TripAdvisor Ads           | 18487258098.74
        23 | Turkish Airlines Media    | 18360482439.65
         9 | Israel Radio Network      | 18096022786.64
        15 | Orbitz Marketing          | 17854780011.76
        25 | United Airlines Marketing | 17257735422.66
        24 | Delta Airlines Ads        | 16966502035.64
         8 | YouTube Ads               | 16365734178.48
         6 | Yedioth Ahronoth          | 16338481688.18
         2 | The Jerusalem Times       | 16118799892.59
        11 | Booking.com Ads           | 15971611858.14
         4 | Google Ads                | 15828383221.01
        12 | Skyscanner Promotions     | 15527463688.74
         3 | Meta Ads (Facebook)       | 14810880199.51
        21 | Etihad Airways Media      | 14134164676.45
        17 | Arkia Marketing           | 12400440945.75
(25 rows)

Time: 55.060 ms
------------------
=== Q4 (SELECT): Daily confirmed bookings for one campaign ===
 stat_date  | total_bookings 
------------+----------------
 2023-01-15 |              3
 2023-01-16 |              7
 2023-01-17 |              2
 2023-01-18 |              2
 2023-01-19 |             10
 2023-01-21 |              3
 2023-01-23 |             14
 2023-01-25 |              5
 2023-01-27 |              2
 2023-01-28 |              6
 2023-01-29 |              2
 2023-01-30 |              7
 2023-02-02 |             15
 2023-02-03 |              4
 2023-02-04 |              4
 2023-02-05 |             12
 2023-02-07 |              8
 2023-02-08 |              8
 2023-02-09 |             10
 2023-02-10 |              3
 2023-02-12 |              2
 2023-02-13 |              5
 2023-02-14 |             23
 2023-02-15 |             14
 2023-02-17 |             13
 2023-02-18 |             28
 2023-02-19 |              5
 2023-02-20 |              8
 2023-02-21 |             21
 2023-02-22 |              4
 2023-02-23 |             23
 2023-02-24 |             11
 2023-02-25 |             33
 2023-02-26 |              9
 2023-02-27 |             24
 2023-02-28 |             33
 2023-03-01 |             19
 2023-03-02 |             39
 2023-03-03 |             28
 2023-03-04 |             32
 2023-03-05 |             20
 2023-03-06 |             12
 2023-03-07 |             46
 2023-03-08 |             42
 2023-03-09 |             12
 2023-03-10 |             50
 2023-03-11 |             14
 2023-03-12 |             43
 2023-03-13 |             44
 2023-03-14 |             39
 2023-03-15 |             23
 2023-03-16 |              8
 2023-03-17 |             12
 2023-03-18 |             26
 2023-03-19 |             26
 2023-03-20 |             18
 2023-03-21 |             36
 2023-03-22 |             21
 2023-03-23 |             47
 2023-03-24 |             18
 2023-03-25 |             25
 2023-03-26 |             54
 2023-03-27 |             44
 2023-03-28 |             15
 2023-03-29 |             35
 2023-03-30 |             34
 2023-03-31 |             34
 2023-04-01 |             20
 2023-04-02 |             26
 2023-04-03 |             26
 2023-04-04 |             20
 2023-04-05 |             38
 2023-04-06 |             15
 2023-04-07 |             50
 2023-04-08 |             26
 2023-04-09 |             31
 2023-04-10 |             29
 2023-04-11 |             38
 2023-04-12 |             46
 2023-04-13 |             31
 2023-04-14 |             80
 2023-04-15 |             37
 2023-04-16 |             26
 2023-04-17 |             23
 2023-04-18 |             52
 2023-04-19 |             23
 2023-04-20 |             23
 2023-04-21 |             37
 2023-04-22 |             11
 2023-04-23 |             20
 2023-04-24 |             67
 2023-04-25 |             41
 2023-04-26 |             63
 2023-04-27 |             48
 2023-04-28 |             19
 2023-04-29 |             55
 2023-04-30 |             78
 2023-05-01 |             62
 2023-05-02 |             36
 2023-05-03 |             59
 2023-05-04 |             58
 2023-05-05 |             26
 2023-05-06 |             21
 2023-05-07 |             46
 2023-05-08 |             54
 2023-05-09 |             33
 2023-05-10 |             53
 2023-05-11 |             36
 2023-05-12 |             24
 2023-05-13 |             49
 2023-05-14 |             35
 2023-05-15 |             59
 2023-05-16 |             29
 2023-05-17 |             31
 2023-05-18 |             40
 2023-05-19 |             30
 2023-05-20 |             23
 2023-05-21 |             22
 2023-05-22 |             55
 2023-05-23 |             19
 2023-05-24 |             43
 2023-05-25 |             61
 2023-05-26 |             37
 2023-05-27 |             20
 2023-05-28 |             50
 2023-05-29 |             38
 2023-05-30 |             48
 2023-05-31 |             43
 2023-06-01 |             49
 2023-06-02 |             23
 2023-06-03 |             30
 2023-06-04 |             29
 2023-06-05 |             58
 2023-06-06 |             34
 2023-06-07 |             33
 2023-06-08 |             38
 2023-06-09 |             56
 2023-06-10 |             45
 2023-06-11 |             46
 2023-06-12 |             42
 2023-06-13 |             40
 2023-06-14 |             33
 2023-06-15 |             42
 2023-06-16 |             25
 2023-06-17 |             51
 2023-06-18 |             29
 2023-06-19 |             52
 2023-06-20 |             69
 2023-06-21 |             44
 2023-06-22 |             42
 2023-06-23 |             44
 2023-06-24 |             37
 2023-06-25 |             44
 2023-06-26 |             31
 2023-06-27 |             22
 2023-06-28 |             37
 2023-06-29 |             52
 2023-06-30 |             36
 2023-07-01 |             49
 2023-07-02 |             52
 2023-07-03 |             50
 2023-07-04 |             64
 2023-07-05 |             46
 2023-07-06 |             37
 2023-07-07 |             30
 2023-07-08 |             34
 2023-07-09 |             73
 2023-07-10 |             39
 2023-07-11 |             40
 2023-07-12 |             34
 2023-07-13 |             46
 2023-07-14 |             48
 2023-07-15 |             21
 2023-07-16 |             49
 2023-07-17 |             31
 2023-07-18 |             77
 2023-07-19 |             55
 2023-07-20 |             54
 2023-07-21 |             57
 2023-07-22 |             53
 2023-07-23 |             65
 2023-07-24 |             80
 2023-07-25 |             57
 2023-07-26 |             67
 2023-07-27 |             68
 2023-07-28 |             61
 2023-07-29 |             33
 2023-07-30 |             85
 2023-07-31 |             61
 2023-08-01 |             60
 2023-08-02 |             50
 2023-08-03 |             41
 2023-08-04 |             50
 2023-08-05 |             64
 2023-08-06 |             73
 2023-08-07 |             90
 2023-08-08 |             49
 2023-08-09 |             29
 2023-08-10 |             51
 2023-08-11 |             62
 2023-08-12 |             64
 2023-08-13 |             30
 2023-08-14 |             38
 2023-08-15 |             57
 2023-08-16 |             62
 2023-08-17 |             28
 2023-08-18 |             49
 2023-08-19 |             90
 2023-08-20 |             84
 2023-08-21 |             93
 2023-08-22 |             40
 2023-08-23 |             61
 2023-08-24 |             39
 2023-08-25 |             66
 2023-08-26 |             75
 2023-08-27 |             76
 2023-08-28 |             68
 2023-08-29 |             56
 2023-08-30 |             71
 2023-08-31 |             60
 2023-09-01 |             61
 2023-09-02 |            112
 2023-09-03 |             85
 2023-09-04 |             69
 2023-09-05 |             54
 2023-09-06 |             69
 2023-09-07 |             34
 2023-09-08 |             65
 2023-09-09 |             80
 2023-09-10 |             91
 2023-09-11 |             70
 2023-09-12 |             74
 2023-09-13 |            102
 2023-09-14 |             38
 2023-09-15 |             60
 2023-09-16 |             77
 2023-09-17 |             74
 2023-09-18 |             90
 2023-09-19 |             62
 2023-09-20 |             62
 2023-09-21 |             91
 2023-09-22 |             68
 2023-09-23 |             40
 2023-09-24 |             38
 2023-09-25 |             89
 2023-09-26 |             80
 2023-09-27 |             86
 2023-09-28 |             70
 2023-09-29 |             73
 2023-09-30 |             74
 2023-10-01 |            113
 2023-10-02 |             85
 2023-10-03 |             54
 2023-10-04 |             61
 2023-10-05 |             45
 2023-10-06 |             57
 2023-10-07 |             66
 2023-10-08 |             56
 2023-10-09 |             68
 2023-10-10 |             50
 2023-10-11 |             64
 2023-10-12 |            103
 2023-10-13 |             71
 2023-10-14 |             49
 2023-10-15 |             55
 2023-10-16 |             54
 2023-10-17 |             74
 2023-10-18 |             89
 2023-10-19 |             70
 2023-10-20 |             69
 2023-10-21 |             73
 2023-10-22 |             94
 2023-10-23 |             54
 2023-10-24 |            110
 2023-10-25 |             38
 2023-10-26 |             76
 2023-10-27 |             64
 2023-10-28 |             67
 2023-10-29 |             88
 2023-10-30 |             33
 2023-10-31 |             98
 2023-11-01 |             94
 2023-11-02 |            108
 2023-11-03 |             55
 2023-11-04 |             65
 2023-11-05 |             48
 2023-11-06 |             79
 2023-11-07 |            104
 2023-11-08 |             74
 2023-11-09 |             73
 2023-11-10 |             78
 2023-11-11 |             83
 2023-11-12 |             51
 2023-11-13 |             59
 2023-11-14 |            130
 2023-11-15 |            112
 2023-11-16 |             67
 2023-11-17 |             74
 2023-11-18 |             92
 2023-11-19 |             84
 2023-11-20 |             60
 2023-11-21 |             42
 2023-11-22 |             54
 2023-11-23 |             43
 2023-11-24 |             43
 2023-11-25 |             58
 2023-11-26 |             72
 2023-11-27 |            140
 2023-11-28 |             58
 2023-11-29 |            106
 2023-11-30 |             50
 2023-12-01 |            105
 2023-12-02 |             36
 2023-12-03 |             58
 2023-12-04 |            147
 2023-12-05 |             83
 2023-12-06 |             81
 2023-12-07 |             80
 2023-12-08 |             60
 2023-12-09 |             82
 2023-12-10 |             88
 2023-12-11 |             92
 2023-12-12 |             56
 2023-12-13 |             74
 2023-12-14 |             77
 2023-12-15 |             52
 2023-12-16 |             94
 2023-12-17 |             74
 2023-12-18 |            109
 2023-12-19 |             92
 2023-12-20 |            130
 2023-12-21 |            102
 2023-12-22 |             84
 2023-12-23 |            113
 2023-12-24 |             66
 2023-12-25 |             76
 2023-12-26 |             49
 2023-12-27 |             88
 2023-12-28 |             86
 2023-12-29 |             78
 2023-12-30 |             62
 2023-12-31 |            115
 2024-01-01 |            120
 2024-01-02 |             54
 2024-01-03 |             69
 2024-01-04 |            103
 2024-01-05 |             98
 2024-01-06 |             63
 2024-01-07 |             74
 2024-01-08 |             83
 2024-01-09 |             76
 2024-01-10 |             92
 2024-01-11 |             38
 2024-01-12 |             58
 2024-01-13 |             94
 2024-01-14 |             52
 2024-01-15 |             85
 2024-01-16 |            102
 2024-01-17 |             81
 2024-01-18 |             49
 2024-01-19 |            115
 2024-01-20 |             52
 2024-01-21 |            101
 2024-01-22 |            125
 2024-01-23 |             76
 2024-01-24 |             83
 2024-01-25 |            124
 2024-01-26 |             68
 2024-01-27 |             58
 2024-01-28 |             68
 2024-01-29 |            102
 2024-01-30 |             68
 2024-01-31 |             75
 2024-02-01 |             90
 2024-02-02 |             59
 2024-02-03 |             80
 2024-02-04 |            109
 2024-02-05 |            105
 2024-02-06 |             48
 2024-02-07 |            108
 2024-02-08 |            119
 2024-02-09 |            115
 2024-02-10 |             74
 2024-02-11 |             70
 2024-02-12 |             97
 2024-02-13 |             75
 2024-02-14 |             98
 2024-02-15 |            111
 2024-02-16 |             96
 2024-02-17 |             67
 2024-02-18 |             68
 2024-02-19 |             98
 2024-02-20 |             88
 2024-02-21 |             57
 2024-02-22 |            105
 2024-02-23 |             71
 2024-02-24 |             74
 2024-02-25 |             54
 2024-02-26 |             97
 2024-02-27 |             77
 2024-02-28 |             67
 2024-02-29 |             97
 2024-03-01 |             89
 2024-03-02 |            110
 2024-03-03 |            135
 2024-03-04 |            125
 2024-03-05 |             64
 2024-03-06 |             66
 2024-03-07 |             64
 2024-03-08 |             49
 2024-03-09 |             50
 2024-03-10 |             82
 2024-03-11 |             95
 2024-03-12 |             76
 2024-03-13 |             95
 2024-03-14 |             71
 2024-03-15 |            105
 2024-03-16 |             69
 2024-03-17 |             83
 2024-03-18 |             89
 2024-03-19 |             84
 2024-03-20 |            117
 2024-03-21 |             81
 2024-03-22 |             53
 2024-03-23 |             86
 2024-03-24 |             49
 2024-03-25 |            131
 2024-03-26 |             52
 2024-03-27 |             96
 2024-03-28 |             58
 2024-03-29 |             31
 2024-03-30 |             74
 2024-03-31 |             95
 2024-04-01 |             86
 2024-04-02 |             91
 2024-04-03 |             79
 2024-04-04 |            100
 2024-04-05 |             78
 2024-04-06 |             52
 2024-04-07 |            121
 2024-04-08 |             80
 2024-04-09 |            116
 2024-04-10 |            101
 2024-04-11 |            106
 2024-04-12 |             87
 2024-04-13 |             97
 2024-04-14 |             47
 2024-04-15 |             78
 2024-04-16 |             73
 2024-04-17 |             63
 2024-04-18 |             86
 2024-04-19 |             62
 2024-04-20 |             98
 2024-04-21 |            109
 2024-04-22 |             41
 2024-04-23 |             46
 2024-04-24 |             59
 2024-04-25 |             87
 2024-04-26 |             87
 2024-04-27 |             68
 2024-04-28 |             61
 2024-04-29 |             72
 2024-04-30 |             57
 2024-05-01 |             78
 2024-05-02 |             73
 2024-05-03 |             85
 2024-05-04 |             72
 2024-05-05 |             74
 2024-05-06 |             92
 2024-05-07 |             82
 2024-05-08 |            102
 2024-05-09 |            106
 2024-05-10 |             43
 2024-05-11 |            117
 2024-05-12 |             41
 2024-05-13 |            100
 2024-05-14 |             77
 2024-05-15 |             95
 2024-05-16 |            106
 2024-05-17 |             72
 2024-05-18 |            102
 2024-05-19 |            111
 2024-05-20 |            123
 2024-05-21 |             64
 2024-05-22 |            102
 2024-05-23 |             36
 2024-05-24 |            102
 2024-05-25 |             92
 2024-05-26 |            125
 2024-05-27 |             82
 2024-05-28 |             84
 2024-05-29 |             83
 2024-05-30 |             87
 2024-05-31 |             93
 2024-06-01 |             83
 2024-06-02 |            119
 2024-06-03 |             77
 2024-06-04 |             96
 2024-06-05 |             75
 2024-06-06 |             64
 2024-06-07 |             80
 2024-06-08 |             85
 2024-06-09 |            110
 2024-06-10 |             73
 2024-06-11 |             61
 2024-06-12 |             45
 2024-06-13 |            111
 2024-06-14 |             70
 2024-06-15 |             91
 2024-06-16 |             64
 2024-06-17 |             49
 2024-06-18 |             82
 2024-06-19 |             68
 2024-06-20 |            119
 2024-06-21 |             58
 2024-06-22 |             79
 2024-06-23 |             91
 2024-06-24 |             66
 2024-06-25 |             73
 2024-06-26 |             94
 2024-06-27 |             74
 2024-06-28 |             81
 2024-06-29 |             50
 2024-06-30 |            127
 2024-07-01 |             74
 2024-07-02 |            116
 2024-07-03 |            106
 2024-07-04 |             92
 2024-07-05 |             85
 2024-07-06 |            138
 2024-07-07 |             67
 2024-07-08 |            100
 2024-07-09 |             96
 2024-07-10 |             60
 2024-07-11 |            127
 2024-07-12 |            105
 2024-07-13 |            125
 2024-07-14 |            100
 2024-07-15 |            117
 2024-07-16 |             69
 2024-07-17 |             76
 2024-07-18 |             63
 2024-07-19 |             93
 2024-07-20 |             70
 2024-07-21 |             86
 2024-07-22 |            115
 2024-07-23 |             90
 2024-07-24 |             74
 2024-07-25 |            107
 2024-07-26 |             87
 2024-07-27 |             86
 2024-07-28 |            100
 2024-07-29 |             70
 2024-07-30 |            104
 2024-07-31 |             67
 2024-08-01 |             79
 2024-08-02 |            146
 2024-08-03 |             67
 2024-08-04 |             85
 2024-08-05 |             75
 2024-08-06 |             66
 2024-08-07 |             84
 2024-08-08 |             66
 2024-08-09 |            108
 2024-08-10 |             98
 2024-08-11 |             80
 2024-08-12 |             81
 2024-08-13 |            109
 2024-08-14 |             79
 2024-08-15 |             64
 2024-08-16 |            143
 2024-08-17 |             88
 2024-08-18 |             67
 2024-08-19 |            105
 2024-08-20 |            110
 2024-08-21 |             93
 2024-08-22 |             96
 2024-08-23 |            112
 2024-08-24 |            121
 2024-08-25 |             69
 2024-08-26 |             77
 2024-08-27 |             59
 2024-08-28 |             89
 2024-08-29 |             54
 2024-08-30 |             72
 2024-08-31 |             85
 2024-09-01 |             80
 2024-09-02 |            143
 2024-09-03 |             54
 2024-09-04 |             75
 2024-09-05 |             99
 2024-09-06 |            124
 2024-09-07 |            118
 2024-09-08 |            105
 2024-09-09 |             57
 2024-09-10 |             83
 2024-09-11 |             81
 2024-09-12 |             55
 2024-09-13 |             95
 2024-09-14 |             72
 2024-09-15 |            102
 2024-09-16 |             54
 2024-09-17 |             70
 2024-09-18 |             78
 2024-09-19 |            123
 2024-09-20 |             78
 2024-09-21 |             64
 2024-09-22 |             73
 2024-09-23 |             38
 2024-09-24 |            108
 2024-09-25 |            110
 2024-09-26 |             84
 2024-09-27 |             85
 2024-09-28 |             68
 2024-09-29 |             84
 2024-09-30 |             44
 2024-10-01 |             70
 2024-10-02 |             68
 2024-10-03 |             53
 2024-10-04 |            104
 2024-10-05 |             59
 2024-10-06 |             51
 2024-10-07 |             37
 2024-10-08 |             79
 2024-10-09 |             73
 2024-10-10 |             54
 2024-10-11 |             75
 2024-10-12 |             65
 2024-10-13 |             86
 2024-10-14 |             60
 2024-10-15 |             44
 2024-10-16 |            104
 2024-10-17 |             66
 2024-10-18 |             43
 2024-10-19 |             56
 2024-10-20 |             62
 2024-10-21 |             34
 2024-10-22 |             41
 2024-10-23 |             66
 2024-10-24 |             67
 2024-10-25 |             36
 2024-10-26 |             87
 2024-10-27 |             55
 2024-10-28 |             55
 2024-10-29 |             54
 2024-10-30 |             60
 2024-10-31 |             74
 2024-11-01 |             70
 2024-11-02 |             41
 2024-11-03 |             60
 2024-11-04 |             65
 2024-11-05 |             53
 2024-11-06 |             77
 2024-11-07 |             89
 2024-11-08 |             38
 2024-11-09 |             64
 2024-11-10 |             78
 2024-11-11 |             62
 2024-11-12 |             52
 2024-11-13 |             63
 2024-11-14 |             83
 2024-11-15 |             39
 2024-11-16 |             42
 2024-11-17 |             59
 2024-11-18 |             33
 2024-11-19 |            102
 2024-11-20 |             60
 2024-11-21 |             35
 2024-11-22 |             74
 2024-11-23 |             45
 2024-11-24 |             43
 2024-11-25 |             66
 2024-11-26 |             38
 2024-11-27 |             64
 2024-11-28 |             43
 2024-11-29 |             41
 2024-11-30 |             44
 2024-12-01 |             53
 2024-12-02 |             24
 2024-12-03 |             42
 2024-12-04 |             40
 2024-12-05 |             37
 2024-12-06 |             18
 2024-12-07 |             32
 2024-12-08 |             44
 2024-12-09 |             64
 2024-12-10 |             40
 2024-12-11 |             54
 2024-12-12 |             67
 2024-12-13 |             67
 2024-12-14 |             53
 2024-12-15 |             54
 2024-12-16 |             86
 2024-12-17 |             43
 2024-12-18 |             34
 2024-12-19 |             43
 2024-12-20 |            106
 2024-12-21 |             75
 2024-12-22 |             40
 2024-12-23 |             97
 2024-12-24 |             31
 2024-12-25 |             20
 2024-12-26 |             47
 2024-12-27 |             51
 2024-12-28 |             77
 2024-12-29 |             53
 2024-12-30 |             41
 2024-12-31 |             37
 2025-01-01 |             81
 2025-01-02 |             34
 2025-01-03 |             19
 2025-01-04 |             73
 2025-01-05 |             39
 2025-01-06 |             49
 2025-01-07 |             56
 2025-01-08 |             50
 2025-01-09 |             38
 2025-01-10 |             51
 2025-01-11 |             47
 2025-01-12 |             37
 2025-01-13 |             28
 2025-01-14 |             48
 2025-01-15 |             55
 2025-01-16 |             54
 2025-01-17 |             27
 2025-01-18 |             33
 2025-01-19 |             21
 2025-01-20 |             44
 2025-01-21 |             49
 2025-01-22 |             46
 2025-01-23 |             45
 2025-01-24 |             17
 2025-01-25 |             40
 2025-01-26 |             32
 2025-01-27 |             30
 2025-01-28 |             62
 2025-01-29 |             77
 2025-01-30 |             35
 2025-01-31 |             73
 2025-02-01 |             64
 2025-02-02 |             26
 2025-02-03 |             55
 2025-02-04 |             32
 2025-02-05 |             26
 2025-02-06 |             60
 2025-02-07 |             26
 2025-02-08 |             58
 2025-02-09 |             56
 2025-02-10 |             54
 2025-02-11 |             46
 2025-02-12 |             42
 2025-02-13 |             69
 2025-02-14 |             65
 2025-02-15 |             45
 2025-02-16 |             76
 2025-02-17 |             47
 2025-02-18 |             38
 2025-02-19 |             32
 2025-02-20 |             69
 2025-02-21 |             26
 2025-02-22 |             20
 2025-02-23 |             39
 2025-02-24 |             26
 2025-02-25 |             66
 2025-02-26 |             44
 2025-02-27 |             42
 2025-02-28 |             32
 2025-03-01 |             43
 2025-03-02 |             46
 2025-03-03 |             33
 2025-03-04 |             51
 2025-03-05 |             22
 2025-03-06 |             19
 2025-03-07 |             33
 2025-03-08 |             29
 2025-03-09 |             26
 2025-03-10 |             35
 2025-03-11 |             47
 2025-03-12 |             35
 2025-03-13 |             37
 2025-03-14 |             25
 2025-03-15 |             17
 2025-03-16 |             26
 2025-03-17 |             64
 2025-03-18 |             25
 2025-03-19 |             42
 2025-03-20 |             39
 2025-03-21 |             30
 2025-03-22 |             45
 2025-03-23 |             18
 2025-03-24 |             40
 2025-03-25 |             35
 2025-03-26 |             37
 2025-03-27 |             41
 2025-03-28 |             42
 2025-03-29 |             19
 2025-03-30 |             27
 2025-03-31 |             56
 2025-04-01 |             21
 2025-04-02 |             45
 2025-04-03 |             41
 2025-04-04 |             39
 2025-04-05 |             37
 2025-04-06 |             33
 2025-04-07 |              9
 2025-04-08 |             14
 2025-04-09 |             52
 2025-04-10 |             36
 2025-04-11 |             45
 2025-04-12 |             27
 2025-04-13 |             47
 2025-04-14 |             22
 2025-04-15 |             16
 2025-04-16 |             25
 2025-04-17 |             46
 2025-04-18 |             18
 2025-04-19 |             26
 2025-04-20 |             46
 2025-04-21 |             21
 2025-04-22 |             13
 2025-04-23 |             21
 2025-04-24 |             11
 2025-04-25 |             22
 2025-04-26 |             34
 2025-04-27 |             12
 2025-04-28 |             14
 2025-04-29 |             31
 2025-04-30 |             25
 2025-05-01 |              5
 2025-05-02 |              3
 2025-05-03 |             36
 2025-05-04 |             21
 2025-05-05 |              4
 2025-05-06 |             27
 2025-05-07 |             32
 2025-05-08 |             23
 2025-05-09 |             25
 2025-05-10 |             25
 2025-05-11 |             23
 2025-05-12 |             36
 2025-05-13 |             14
 2025-05-14 |             28
 2025-05-15 |              1
 2025-05-16 |             20
 2025-05-17 |              9
 2025-05-18 |             16
 2025-05-19 |             17
 2025-05-20 |             41
 2025-05-21 |             12
 2025-05-22 |              2
 2025-05-23 |             21
 2025-05-24 |             14
 2025-05-25 |              7
 2025-05-26 |             12
 2025-05-27 |              3
 2025-05-28 |              7
 2025-05-29 |             30
 2025-05-30 |              2
 2025-05-31 |              7
 2025-06-01 |             13
 2025-06-02 |              2
 2025-06-03 |             17
 2025-06-04 |              6
 2025-06-05 |             18
 2025-06-06 |              0
 2025-06-07 |             20
 2025-06-08 |             17
 2025-06-10 |              3
 2025-06-11 |              7
 2025-06-12 |              1
 2025-06-13 |              6
 2025-06-14 |              3
 2025-06-15 |             17
 2025-06-17 |             15
 2025-06-18 |              4
 2025-06-19 |              9
 2025-06-20 |              8
 2025-06-21 |             11
 2025-06-22 |             12
 2025-06-23 |             14
 2025-06-24 |              8
 2025-06-26 |             14
 2025-06-27 |             11
 2025-06-28 |             11
 2025-06-29 |              5
 2025-06-30 |             13
 2025-07-02 |              7
 2025-07-03 |             11
 2025-07-05 |             11
 2025-07-06 |              4
 2025-07-07 |              3
 2025-07-08 |              1
 2025-07-09 |              4
 2025-07-10 |             15
 2025-07-11 |              4
 2025-07-12 |             11
 2025-07-13 |              5
 2025-07-14 |             11
 2025-07-15 |              3
 2025-07-16 |             12
 2025-07-17 |              5
 2025-07-18 |             17
 2025-07-20 |             35
 2025-07-21 |              3
 2025-07-22 |              8
 2025-07-23 |              0
 2025-07-24 |              8
 2025-07-25 |              5
 2025-07-27 |              2
 2025-07-28 |              7
 2025-07-29 |              3
 2025-07-30 |              3
 2025-07-31 |              5
 2025-08-01 |              8
 2025-08-03 |              0
 2025-08-05 |             18
 2025-08-08 |             11
(917 rows)

Time: 16.599 ms
=== Q4 via function: Daily confirmed bookings for one campaign ===
 stat_date  | total_bookings 
------------+----------------
 2023-01-15 |              3
 2023-01-16 |              7
 2023-01-17 |              2
 2023-01-18 |              2
 2023-01-19 |             10
 2023-01-21 |              3
 2023-01-23 |             14
 2023-01-25 |              5
 2023-01-27 |              2
 2023-01-28 |              6
 2023-01-29 |              2
 2023-01-30 |              7
 2023-02-02 |             15
 2023-02-03 |              4
 2023-02-04 |              4
 2023-02-05 |             12
 2023-02-07 |              8
 2023-02-08 |              8
 2023-02-09 |             10
 2023-02-10 |              3
 2023-02-12 |              2
 2023-02-13 |              5
 2023-02-14 |             23
 2023-02-15 |             14
 2023-02-17 |             13
 2023-02-18 |             28
 2023-02-19 |              5
 2023-02-20 |              8
 2023-02-21 |             21
 2023-02-22 |              4
 2023-02-23 |             23
 2023-02-24 |             11
 2023-02-25 |             33
 2023-02-26 |              9
 2023-02-27 |             24
 2023-02-28 |             33
 2023-03-01 |             19
 2023-03-02 |             39
 2023-03-03 |             28
 2023-03-04 |             32
 2023-03-05 |             20
 2023-03-06 |             12
 2023-03-07 |             46
 2023-03-08 |             42
 2023-03-09 |             12
 2023-03-10 |             50
 2023-03-11 |             14
 2023-03-12 |             43
 2023-03-13 |             44
 2023-03-14 |             39
 2023-03-15 |             23
 2023-03-16 |              8
 2023-03-17 |             12
 2023-03-18 |             26
 2023-03-19 |             26
 2023-03-20 |             18
 2023-03-21 |             36
 2023-03-22 |             21
 2023-03-23 |             47
 2023-03-24 |             18
 2023-03-25 |             25
 2023-03-26 |             54
 2023-03-27 |             44
 2023-03-28 |             15
 2023-03-29 |             35
 2023-03-30 |             34
 2023-03-31 |             34
 2023-04-01 |             20
 2023-04-02 |             26
 2023-04-03 |             26
 2023-04-04 |             20
 2023-04-05 |             38
 2023-04-06 |             15
 2023-04-07 |             50
 2023-04-08 |             26
 2023-04-09 |             31
 2023-04-10 |             29
 2023-04-11 |             38
 2023-04-12 |             46
 2023-04-13 |             31
 2023-04-14 |             80
 2023-04-15 |             37
 2023-04-16 |             26
 2023-04-17 |             23
 2023-04-18 |             52
 2023-04-19 |             23
 2023-04-20 |             23
 2023-04-21 |             37
 2023-04-22 |             11
 2023-04-23 |             20
 2023-04-24 |             67
 2023-04-25 |             41
 2023-04-26 |             63
 2023-04-27 |             48
 2023-04-28 |             19
 2023-04-29 |             55
 2023-04-30 |             78
 2023-05-01 |             62
 2023-05-02 |             36
 2023-05-03 |             59
 2023-05-04 |             58
 2023-05-05 |             26
 2023-05-06 |             21
 2023-05-07 |             46
 2023-05-08 |             54
 2023-05-09 |             33
 2023-05-10 |             53
 2023-05-11 |             36
 2023-05-12 |             24
 2023-05-13 |             49
 2023-05-14 |             35
 2023-05-15 |             59
 2023-05-16 |             29
 2023-05-17 |             31
 2023-05-18 |             40
 2023-05-19 |             30
 2023-05-20 |             23
 2023-05-21 |             22
 2023-05-22 |             55
 2023-05-23 |             19
 2023-05-24 |             43
 2023-05-25 |             61
 2023-05-26 |             37
 2023-05-27 |             20
 2023-05-28 |             50
 2023-05-29 |             38
 2023-05-30 |             48
 2023-05-31 |             43
 2023-06-01 |             49
 2023-06-02 |             23
 2023-06-03 |             30
 2023-06-04 |             29
 2023-06-05 |             58
 2023-06-06 |             34
 2023-06-07 |             33
 2023-06-08 |             38
 2023-06-09 |             56
 2023-06-10 |             45
 2023-06-11 |             46
 2023-06-12 |             42
 2023-06-13 |             40
 2023-06-14 |             33
 2023-06-15 |             42
 2023-06-16 |             25
 2023-06-17 |             51
 2023-06-18 |             29
 2023-06-19 |             52
 2023-06-20 |             69
 2023-06-21 |             44
 2023-06-22 |             42
 2023-06-23 |             44
 2023-06-24 |             37
 2023-06-25 |             44
 2023-06-26 |             31
 2023-06-27 |             22
 2023-06-28 |             37
 2023-06-29 |             52
 2023-06-30 |             36
 2023-07-01 |             49
 2023-07-02 |             52
 2023-07-03 |             50
 2023-07-04 |             64
 2023-07-05 |             46
 2023-07-06 |             37
 2023-07-07 |             30
 2023-07-08 |             34
 2023-07-09 |             73
 2023-07-10 |             39
 2023-07-11 |             40
 2023-07-12 |             34
 2023-07-13 |             46
 2023-07-14 |             48
 2023-07-15 |             21
 2023-07-16 |             49
 2023-07-17 |             31
 2023-07-18 |             77
 2023-07-19 |             55
 2023-07-20 |             54
 2023-07-21 |             57
 2023-07-22 |             53
 2023-07-23 |             65
 2023-07-24 |             80
 2023-07-25 |             57
 2023-07-26 |             67
 2023-07-27 |             68
 2023-07-28 |             61
 2023-07-29 |             33
 2023-07-30 |             85
 2023-07-31 |             61
 2023-08-01 |             60
 2023-08-02 |             50
 2023-08-03 |             41
 2023-08-04 |             50
 2023-08-05 |             64
 2023-08-06 |             73
 2023-08-07 |             90
 2023-08-08 |             49
 2023-08-09 |             29
 2023-08-10 |             51
 2023-08-11 |             62
 2023-08-12 |             64
 2023-08-13 |             30
 2023-08-14 |             38
 2023-08-15 |             57
 2023-08-16 |             62
 2023-08-17 |             28
 2023-08-18 |             49
 2023-08-19 |             90
 2023-08-20 |             84
 2023-08-21 |             93
 2023-08-22 |             40
 2023-08-23 |             61
 2023-08-24 |             39
 2023-08-25 |             66
 2023-08-26 |             75
 2023-08-27 |             76
 2023-08-28 |             68
 2023-08-29 |             56
 2023-08-30 |             71
 2023-08-31 |             60
 2023-09-01 |             61
 2023-09-02 |            112
 2023-09-03 |             85
 2023-09-04 |             69
 2023-09-05 |             54
 2023-09-06 |             69
 2023-09-07 |             34
 2023-09-08 |             65
 2023-09-09 |             80
 2023-09-10 |             91
 2023-09-11 |             70
 2023-09-12 |             74
 2023-09-13 |            102
 2023-09-14 |             38
 2023-09-15 |             60
 2023-09-16 |             77
 2023-09-17 |             74
 2023-09-18 |             90
 2023-09-19 |             62
 2023-09-20 |             62
 2023-09-21 |             91
 2023-09-22 |             68
 2023-09-23 |             40
 2023-09-24 |             38
 2023-09-25 |             89
 2023-09-26 |             80
 2023-09-27 |             86
 2023-09-28 |             70
 2023-09-29 |             73
 2023-09-30 |             74
 2023-10-01 |            113
 2023-10-02 |             85
 2023-10-03 |             54
 2023-10-04 |             61
 2023-10-05 |             45
 2023-10-06 |             57
 2023-10-07 |             66
 2023-10-08 |             56
 2023-10-09 |             68
 2023-10-10 |             50
 2023-10-11 |             64
 2023-10-12 |            103
 2023-10-13 |             71
 2023-10-14 |             49
 2023-10-15 |             55
 2023-10-16 |             54
 2023-10-17 |             74
 2023-10-18 |             89
 2023-10-19 |             70
 2023-10-20 |             69
 2023-10-21 |             73
 2023-10-22 |             94
 2023-10-23 |             54
 2023-10-24 |            110
 2023-10-25 |             38
 2023-10-26 |             76
 2023-10-27 |             64
 2023-10-28 |             67
 2023-10-29 |             88
 2023-10-30 |             33
 2023-10-31 |             98
 2023-11-01 |             94
 2023-11-02 |            108
 2023-11-03 |             55
 2023-11-04 |             65
 2023-11-05 |             48
 2023-11-06 |             79
 2023-11-07 |            104
 2023-11-08 |             74
 2023-11-09 |             73
 2023-11-10 |             78
 2023-11-11 |             83
 2023-11-12 |             51
 2023-11-13 |             59
 2023-11-14 |            130
 2023-11-15 |            112
 2023-11-16 |             67
 2023-11-17 |             74
 2023-11-18 |             92
 2023-11-19 |             84
 2023-11-20 |             60
 2023-11-21 |             42
 2023-11-22 |             54
 2023-11-23 |             43
 2023-11-24 |             43
 2023-11-25 |             58
 2023-11-26 |             72
 2023-11-27 |            140
 2023-11-28 |             58
 2023-11-29 |            106
 2023-11-30 |             50
 2023-12-01 |            105
 2023-12-02 |             36
 2023-12-03 |             58
 2023-12-04 |            147
 2023-12-05 |             83
 2023-12-06 |             81
 2023-12-07 |             80
 2023-12-08 |             60
 2023-12-09 |             82
 2023-12-10 |             88
 2023-12-11 |             92
 2023-12-12 |             56
 2023-12-13 |             74
 2023-12-14 |             77
 2023-12-15 |             52
 2023-12-16 |             94
 2023-12-17 |             74
 2023-12-18 |            109
 2023-12-19 |             92
 2023-12-20 |            130
 2023-12-21 |            102
 2023-12-22 |             84
 2023-12-23 |            113
 2023-12-24 |             66
 2023-12-25 |             76
 2023-12-26 |             49
 2023-12-27 |             88
 2023-12-28 |             86
 2023-12-29 |             78
 2023-12-30 |             62
 2023-12-31 |            115
 2024-01-01 |            120
 2024-01-02 |             54
 2024-01-03 |             69
 2024-01-04 |            103
 2024-01-05 |             98
 2024-01-06 |             63
 2024-01-07 |             74
 2024-01-08 |             83
 2024-01-09 |             76
 2024-01-10 |             92
 2024-01-11 |             38
 2024-01-12 |             58
 2024-01-13 |             94
 2024-01-14 |             52
 2024-01-15 |             85
 2024-01-16 |            102
 2024-01-17 |             81
 2024-01-18 |             49
 2024-01-19 |            115
 2024-01-20 |             52
 2024-01-21 |            101
 2024-01-22 |            125
 2024-01-23 |             76
 2024-01-24 |             83
 2024-01-25 |            124
 2024-01-26 |             68
 2024-01-27 |             58
 2024-01-28 |             68
 2024-01-29 |            102
 2024-01-30 |             68
 2024-01-31 |             75
 2024-02-01 |             90
 2024-02-02 |             59
 2024-02-03 |             80
 2024-02-04 |            109
 2024-02-05 |            105
 2024-02-06 |             48
 2024-02-07 |            108
 2024-02-08 |            119
 2024-02-09 |            115
 2024-02-10 |             74
 2024-02-11 |             70
 2024-02-12 |             97
 2024-02-13 |             75
 2024-02-14 |             98
 2024-02-15 |            111
 2024-02-16 |             96
 2024-02-17 |             67
 2024-02-18 |             68
 2024-02-19 |             98
 2024-02-20 |             88
 2024-02-21 |             57
 2024-02-22 |            105
 2024-02-23 |             71
 2024-02-24 |             74
 2024-02-25 |             54
 2024-02-26 |             97
 2024-02-27 |             77
 2024-02-28 |             67
 2024-02-29 |             97
 2024-03-01 |             89
 2024-03-02 |            110
 2024-03-03 |            135
 2024-03-04 |            125
 2024-03-05 |             64
 2024-03-06 |             66
 2024-03-07 |             64
 2024-03-08 |             49
 2024-03-09 |             50
 2024-03-10 |             82
 2024-03-11 |             95
 2024-03-12 |             76
 2024-03-13 |             95
 2024-03-14 |             71
 2024-03-15 |            105
 2024-03-16 |             69
 2024-03-17 |             83
 2024-03-18 |             89
 2024-03-19 |             84
 2024-03-20 |            117
 2024-03-21 |             81
 2024-03-22 |             53
 2024-03-23 |             86
 2024-03-24 |             49
 2024-03-25 |            131
 2024-03-26 |             52
 2024-03-27 |             96
 2024-03-28 |             58
 2024-03-29 |             31
 2024-03-30 |             74
 2024-03-31 |             95
 2024-04-01 |             86
 2024-04-02 |             91
 2024-04-03 |             79
 2024-04-04 |            100
 2024-04-05 |             78
 2024-04-06 |             52
 2024-04-07 |            121
 2024-04-08 |             80
 2024-04-09 |            116
 2024-04-10 |            101
 2024-04-11 |            106
 2024-04-12 |             87
 2024-04-13 |             97
 2024-04-14 |             47
 2024-04-15 |             78
 2024-04-16 |             73
 2024-04-17 |             63
 2024-04-18 |             86
 2024-04-19 |             62
 2024-04-20 |             98
 2024-04-21 |            109
 2024-04-22 |             41
 2024-04-23 |             46
 2024-04-24 |             59
 2024-04-25 |             87
 2024-04-26 |             87
 2024-04-27 |             68
 2024-04-28 |             61
 2024-04-29 |             72
 2024-04-30 |             57
 2024-05-01 |             78
 2024-05-02 |             73
 2024-05-03 |             85
 2024-05-04 |             72
 2024-05-05 |             74
 2024-05-06 |             92
 2024-05-07 |             82
 2024-05-08 |            102
 2024-05-09 |            106
 2024-05-10 |             43
 2024-05-11 |            117
 2024-05-12 |             41
 2024-05-13 |            100
 2024-05-14 |             77
 2024-05-15 |             95
 2024-05-16 |            106
 2024-05-17 |             72
 2024-05-18 |            102
 2024-05-19 |            111
 2024-05-20 |            123
 2024-05-21 |             64
 2024-05-22 |            102
 2024-05-23 |             36
 2024-05-24 |            102
 2024-05-25 |             92
 2024-05-26 |            125
 2024-05-27 |             82
 2024-05-28 |             84
 2024-05-29 |             83
 2024-05-30 |             87
 2024-05-31 |             93
 2024-06-01 |             83
 2024-06-02 |            119
 2024-06-03 |             77
 2024-06-04 |             96
 2024-06-05 |             75
 2024-06-06 |             64
 2024-06-07 |             80
 2024-06-08 |             85
 2024-06-09 |            110
 2024-06-10 |             73
 2024-06-11 |             61
 2024-06-12 |             45
 2024-06-13 |            111
 2024-06-14 |             70
 2024-06-15 |             91
 2024-06-16 |             64
 2024-06-17 |             49
 2024-06-18 |             82
 2024-06-19 |             68
 2024-06-20 |            119
 2024-06-21 |             58
 2024-06-22 |             79
 2024-06-23 |             91
 2024-06-24 |             66
 2024-06-25 |             73
 2024-06-26 |             94
 2024-06-27 |             74
 2024-06-28 |             81
 2024-06-29 |             50
 2024-06-30 |            127
 2024-07-01 |             74
 2024-07-02 |            116
 2024-07-03 |            106
 2024-07-04 |             92
 2024-07-05 |             85
 2024-07-06 |            138
 2024-07-07 |             67
 2024-07-08 |            100
 2024-07-09 |             96
 2024-07-10 |             60
 2024-07-11 |            127
 2024-07-12 |            105
 2024-07-13 |            125
 2024-07-14 |            100
 2024-07-15 |            117
 2024-07-16 |             69
 2024-07-17 |             76
 2024-07-18 |             63
 2024-07-19 |             93
 2024-07-20 |             70
 2024-07-21 |             86
 2024-07-22 |            115
 2024-07-23 |             90
 2024-07-24 |             74
 2024-07-25 |            107
 2024-07-26 |             87
 2024-07-27 |             86
 2024-07-28 |            100
 2024-07-29 |             70
 2024-07-30 |            104
 2024-07-31 |             67
 2024-08-01 |             79
 2024-08-02 |            146
 2024-08-03 |             67
 2024-08-04 |             85
 2024-08-05 |             75
 2024-08-06 |             66
 2024-08-07 |             84
 2024-08-08 |             66
 2024-08-09 |            108
 2024-08-10 |             98
 2024-08-11 |             80
 2024-08-12 |             81
 2024-08-13 |            109
 2024-08-14 |             79
 2024-08-15 |             64
 2024-08-16 |            143
 2024-08-17 |             88
 2024-08-18 |             67
 2024-08-19 |            105
 2024-08-20 |            110
 2024-08-21 |             93
 2024-08-22 |             96
 2024-08-23 |            112
 2024-08-24 |            121
 2024-08-25 |             69
 2024-08-26 |             77
 2024-08-27 |             59
 2024-08-28 |             89
 2024-08-29 |             54
 2024-08-30 |             72
 2024-08-31 |             85
 2024-09-01 |             80
 2024-09-02 |            143
 2024-09-03 |             54
 2024-09-04 |             75
 2024-09-05 |             99
 2024-09-06 |            124
 2024-09-07 |            118
 2024-09-08 |            105
 2024-09-09 |             57
 2024-09-10 |             83
 2024-09-11 |             81
 2024-09-12 |             55
 2024-09-13 |             95
 2024-09-14 |             72
 2024-09-15 |            102
 2024-09-16 |             54
 2024-09-17 |             70
 2024-09-18 |             78
 2024-09-19 |            123
 2024-09-20 |             78
 2024-09-21 |             64
 2024-09-22 |             73
 2024-09-23 |             38
 2024-09-24 |            108
 2024-09-25 |            110
 2024-09-26 |             84
 2024-09-27 |             85
 2024-09-28 |             68
 2024-09-29 |             84
 2024-09-30 |             44
 2024-10-01 |             70
 2024-10-02 |             68
 2024-10-03 |             53
 2024-10-04 |            104
 2024-10-05 |             59
 2024-10-06 |             51
 2024-10-07 |             37
 2024-10-08 |             79
 2024-10-09 |             73
 2024-10-10 |             54
 2024-10-11 |             75
 2024-10-12 |             65
 2024-10-13 |             86
 2024-10-14 |             60
 2024-10-15 |             44
 2024-10-16 |            104
 2024-10-17 |             66
 2024-10-18 |             43
 2024-10-19 |             56
 2024-10-20 |             62
 2024-10-21 |             34
 2024-10-22 |             41
 2024-10-23 |             66
 2024-10-24 |             67
 2024-10-25 |             36
 2024-10-26 |             87
 2024-10-27 |             55
 2024-10-28 |             55
 2024-10-29 |             54
 2024-10-30 |             60
 2024-10-31 |             74
 2024-11-01 |             70
 2024-11-02 |             41
 2024-11-03 |             60
 2024-11-04 |             65
 2024-11-05 |             53
 2024-11-06 |             77
 2024-11-07 |             89
 2024-11-08 |             38
 2024-11-09 |             64
 2024-11-10 |             78
 2024-11-11 |             62
 2024-11-12 |             52
 2024-11-13 |             63
 2024-11-14 |             83
 2024-11-15 |             39
 2024-11-16 |             42
 2024-11-17 |             59
 2024-11-18 |             33
 2024-11-19 |            102
 2024-11-20 |             60
 2024-11-21 |             35
 2024-11-22 |             74
 2024-11-23 |             45
 2024-11-24 |             43
 2024-11-25 |             66
 2024-11-26 |             38
 2024-11-27 |             64
 2024-11-28 |             43
 2024-11-29 |             41
 2024-11-30 |             44
 2024-12-01 |             53
 2024-12-02 |             24
 2024-12-03 |             42
 2024-12-04 |             40
 2024-12-05 |             37
 2024-12-06 |             18
 2024-12-07 |             32
 2024-12-08 |             44
 2024-12-09 |             64
 2024-12-10 |             40
 2024-12-11 |             54
 2024-12-12 |             67
 2024-12-13 |             67
 2024-12-14 |             53
 2024-12-15 |             54
 2024-12-16 |             86
 2024-12-17 |             43
 2024-12-18 |             34
 2024-12-19 |             43
 2024-12-20 |            106
 2024-12-21 |             75
 2024-12-22 |             40
 2024-12-23 |             97
 2024-12-24 |             31
 2024-12-25 |             20
 2024-12-26 |             47
 2024-12-27 |             51
 2024-12-28 |             77
 2024-12-29 |             53
 2024-12-30 |             41
 2024-12-31 |             37
 2025-01-01 |             81
 2025-01-02 |             34
 2025-01-03 |             19
 2025-01-04 |             73
 2025-01-05 |             39
 2025-01-06 |             49
 2025-01-07 |             56
 2025-01-08 |             50
 2025-01-09 |             38
 2025-01-10 |             51
 2025-01-11 |             47
 2025-01-12 |             37
 2025-01-13 |             28
 2025-01-14 |             48
 2025-01-15 |             55
 2025-01-16 |             54
 2025-01-17 |             27
 2025-01-18 |             33
 2025-01-19 |             21
 2025-01-20 |             44
 2025-01-21 |             49
 2025-01-22 |             46
 2025-01-23 |             45
 2025-01-24 |             17
 2025-01-25 |             40
 2025-01-26 |             32
 2025-01-27 |             30
 2025-01-28 |             62
 2025-01-29 |             77
 2025-01-30 |             35
 2025-01-31 |             73
 2025-02-01 |             64
 2025-02-02 |             26
 2025-02-03 |             55
 2025-02-04 |             32
 2025-02-05 |             26
 2025-02-06 |             60
 2025-02-07 |             26
 2025-02-08 |             58
 2025-02-09 |             56
 2025-02-10 |             54
 2025-02-11 |             46
 2025-02-12 |             42
 2025-02-13 |             69
 2025-02-14 |             65
 2025-02-15 |             45
 2025-02-16 |             76
 2025-02-17 |             47
 2025-02-18 |             38
 2025-02-19 |             32
 2025-02-20 |             69
 2025-02-21 |             26
 2025-02-22 |             20
 2025-02-23 |             39
 2025-02-24 |             26
 2025-02-25 |             66
 2025-02-26 |             44
 2025-02-27 |             42
 2025-02-28 |             32
 2025-03-01 |             43
 2025-03-02 |             46
 2025-03-03 |             33
 2025-03-04 |             51
 2025-03-05 |             22
 2025-03-06 |             19
 2025-03-07 |             33
 2025-03-08 |             29
 2025-03-09 |             26
 2025-03-10 |             35
 2025-03-11 |             47
 2025-03-12 |             35
 2025-03-13 |             37
 2025-03-14 |             25
 2025-03-15 |             17
 2025-03-16 |             26
 2025-03-17 |             64
 2025-03-18 |             25
 2025-03-19 |             42
 2025-03-20 |             39
 2025-03-21 |             30
 2025-03-22 |             45
 2025-03-23 |             18
 2025-03-24 |             40
 2025-03-25 |             35
 2025-03-26 |             37
 2025-03-27 |             41
 2025-03-28 |             42
 2025-03-29 |             19
 2025-03-30 |             27
 2025-03-31 |             56
 2025-04-01 |             21
 2025-04-02 |             45
 2025-04-03 |             41
 2025-04-04 |             39
 2025-04-05 |             37
 2025-04-06 |             33
 2025-04-07 |              9
 2025-04-08 |             14
 2025-04-09 |             52
 2025-04-10 |             36
 2025-04-11 |             45
 2025-04-12 |             27
 2025-04-13 |             47
 2025-04-14 |             22
 2025-04-15 |             16
 2025-04-16 |             25
 2025-04-17 |             46
 2025-04-18 |             18
 2025-04-19 |             26
 2025-04-20 |             46
 2025-04-21 |             21
 2025-04-22 |             13
 2025-04-23 |             21
 2025-04-24 |             11
 2025-04-25 |             22
 2025-04-26 |             34
 2025-04-27 |             12
 2025-04-28 |             14
 2025-04-29 |             31
 2025-04-30 |             25
 2025-05-01 |              5
 2025-05-02 |              3
 2025-05-03 |             36
 2025-05-04 |             21
 2025-05-05 |              4
 2025-05-06 |             27
 2025-05-07 |             32
 2025-05-08 |             23
 2025-05-09 |             25
 2025-05-10 |             25
 2025-05-11 |             23
 2025-05-12 |             36
 2025-05-13 |             14
 2025-05-14 |             28
 2025-05-15 |              1
 2025-05-16 |             20
 2025-05-17 |              9
 2025-05-18 |             16
 2025-05-19 |             17
 2025-05-20 |             41
 2025-05-21 |             12
 2025-05-22 |              2
 2025-05-23 |             21
 2025-05-24 |             14
 2025-05-25 |              7
 2025-05-26 |             12
 2025-05-27 |              3
 2025-05-28 |              7
 2025-05-29 |             30
 2025-05-30 |              2
 2025-05-31 |              7
 2025-06-01 |             13
 2025-06-02 |              2
 2025-06-03 |             17
 2025-06-04 |              6
 2025-06-05 |             18
 2025-06-06 |              0
 2025-06-07 |             20
 2025-06-08 |             17
 2025-06-10 |              3
 2025-06-11 |              7
 2025-06-12 |              1
 2025-06-13 |              6
 2025-06-14 |              3
 2025-06-15 |             17
 2025-06-17 |             15
 2025-06-18 |              4
 2025-06-19 |              9
 2025-06-20 |              8
 2025-06-21 |             11
 2025-06-22 |             12
 2025-06-23 |             14
 2025-06-24 |              8
 2025-06-26 |             14
 2025-06-27 |             11
 2025-06-28 |             11
 2025-06-29 |              5
 2025-06-30 |             13
 2025-07-02 |              7
 2025-07-03 |             11
 2025-07-05 |             11
 2025-07-06 |              4
 2025-07-07 |              3
 2025-07-08 |              1
 2025-07-09 |              4
 2025-07-10 |             15
 2025-07-11 |              4
 2025-07-12 |             11
 2025-07-13 |              5
 2025-07-14 |             11
 2025-07-15 |              3
 2025-07-16 |             12
 2025-07-17 |              5
 2025-07-18 |             17
 2025-07-20 |             35
 2025-07-21 |              3
 2025-07-22 |              8
 2025-07-23 |              0
 2025-07-24 |              8
 2025-07-25 |              5
 2025-07-27 |              2
 2025-07-28 |              7
 2025-07-29 |              3
 2025-07-30 |              3
 2025-07-31 |              5
 2025-08-01 |              8
 2025-08-03 |              0
 2025-08-05 |             18
 2025-08-08 |             11
(917 rows)

Time: 16.216 ms
------------------
=== Q5 (UPDATE): Close campaigns that already ended (no changes applied by default) ===
BEGIN
Time: 0.354 ms
UPDATE 16
Time: 3.305 ms
ROLLBACK
Time: 0.150 ms
------------------
=== Q6 (UPDATE): +5% budget for all ACTIVE campaigns (no changes applied by default) ===
BEGIN
Time: 0.082 ms
UPDATE 10
Time: 3.185 ms
ROLLBACK
Time: 0.099 ms
=== Q6 via function: +5% budget for all ACTIVE campaigns (dry run) ===
BEGIN
Time: 0.068 ms
 rows_updated 
--------------
           10
(1 row)

Time: 1.712 ms
ROLLBACK
Time: 0.108 ms
------------------
=== Q7 (DELETE): Remove perf rows for one placement in a date range (no changes applied) ===
BEGIN
Time: 0.075 ms
DELETE 8
Time: 1.570 ms
ROLLBACK
Time: 0.147 ms
------------------
=== Q8 (DELETE): Remove creative assets not used by any placement (no changes applied) ===
BEGIN
Time: 0.089 ms
DELETE 54
Time: 3.980 ms
ROLLBACK
Time: 0.207 ms
Timing is off.
