Timing is on.
=== TIMED QUERIES (for backupPSQL.log) ===
 campaigns 
-----------
        20
(1 row)

Time: 8.862 ms
 placements 
------------
       1000
(1 row)

Time: 0.877 ms
 perf_rows 
-----------
    200000
(1 row)

Time: 21.527 ms
 campaign_id |                 name                 |   total_rev    
-------------+--------------------------------------+----------------
          17 | Summer in Spain – Barcelona & Madrid | 29362803276.05
          13 | Dubai Luxury Shopping Festival       | 29170142417.90
          14 | Northern Lights Iceland Adventure    | 27797449582.90
           5 | Family Fun in Eilat                  | 26878480432.71
           6 | Romantic Paris Getaway               | 26418203565.43
(5 rows)

Time: 49.253 ms
Timing is off.
